Release 13.4 - xst O.87xd (nt)
Copyright (c) 1995-2011 Xilinx, Inc.  All rights reserved.
--> Parameter TMPDIR set to xst/projnav.tmp


Total REAL time to Xst completion: 0.00 secs
Total CPU time to Xst completion: 0.09 secs
 
--> Parameter xsthdpdir set to xst


Total REAL time to Xst completion: 0.00 secs
Total CPU time to Xst completion: 0.09 secs
 
--> Reading design: Main_Top.prj

TABLE OF CONTENTS
  1) Synthesis Options Summary
  2) HDL Parsing
  3) HDL Elaboration
  4) HDL Synthesis
       4.1) HDL Synthesis Report
  5) Advanced HDL Synthesis
       5.1) Advanced HDL Synthesis Report
  6) Low Level Synthesis
  7) Partition Report
  8) Design Summary
       8.1) Primitive and Black Box Usage
       8.2) Device utilization summary
       8.3) Partition Resource Summary
       8.4) Timing Report
            8.4.1) Clock Information
            8.4.2) Asynchronous Control Signals Information
            8.4.3) Timing Summary
            8.4.4) Timing Details
            8.4.5) Cross Clock Domains Report


=========================================================================
*                      Synthesis Options Summary                        *
=========================================================================
---- Source Parameters
Input File Name                    : "Main_Top.prj"
Ignore Synthesis Constraint File   : NO

---- Target Parameters
Output File Name                   : "Main_Top"
Output Format                      : NGC
Target Device                      : xc6slx16-3-csg324

---- Source Options
Top Module Name                    : Main_Top
Automatic FSM Extraction           : YES
FSM Encoding Algorithm             : Auto
Safe Implementation                : No
FSM Style                          : LUT
RAM Extraction                     : Yes
RAM Style                          : Auto
ROM Extraction                     : Yes
Shift Register Extraction          : YES
ROM Style                          : Auto
Resource Sharing                   : YES
Asynchronous To Synchronous        : NO
Shift Register Minimum Size        : 2
Use DSP Block                      : Auto
Automatic Register Balancing       : No

---- Target Options
LUT Combining                      : Auto
Reduce Control Sets                : Auto
Add IO Buffers                     : YES
Global Maximum Fanout              : 100000
Add Generic Clock Buffer(BUFG)     : 16
Register Duplication               : YES
Optimize Instantiated Primitives   : NO
Use Clock Enable                   : Auto
Use Synchronous Set                : Auto
Use Synchronous Reset              : Auto
Pack IO Registers into IOBs        : Auto
Equivalent register Removal        : YES

---- General Options
Optimization Goal                  : Speed
Optimization Effort                : 1
Power Reduction                    : NO
Keep Hierarchy                     : No
Netlist Hierarchy                  : As_Optimized
RTL Output                         : Yes
Global Optimization                : AllClockNets
Read Cores                         : YES
Write Timing Constraints           : NO
Cross Clock Analysis               : NO
Hierarchy Separator                : /
Bus Delimiter                      : <>
Case Specifier                     : Maintain
Slice Utilization Ratio            : 100
BRAM Utilization Ratio             : 100
DSP48 Utilization Ratio            : 100
Auto BRAM Packing                  : NO
Slice Utilization Ratio Delta      : 5

=========================================================================

INFO:Xst - Part-select index evaluated to out of bound value may lead to incorrect synthesis results; it is recommended not to use them in RTL

=========================================================================
*                          HDL Parsing                                  *
=========================================================================
Analyzing Verilog file "F:\ComputerArchitecture-Lab\Simple-RISC\Main_Top.v" into library work
Parsing verilog file "AL_Unit.v" included at line 13.
Parsing module <AL_Unit>.
Parsing verilog file "Ctrl_Unit.v" included at line 14.
Parsing module <Ctrl_Unit>.
Parsing verilog file "Instr_ROM.v" included at line 15.
Parsing module <Instr_ROM>.
Parsing verilog file "Data_RAM.v" included at line 16.
Parsing module <Data_RAM>.
Parsing verilog file "Instr_Split.v" included at line 17.
Parsing module <Instr_Split>.
Parsing verilog file "MUX.v" included at line 18.
Parsing module <MUX_2_1>.
Parsing module <MUX_3_1>.
Parsing verilog file "Prog_Cnt.v" included at line 19.
Parsing module <Prog_Cnt>.
Parsing verilog file "Reg_File.v" included at line 20.
Parsing module <Reg_File>.
Parsing verilog file "Sign_Ext.v" included at line 21.
Parsing module <Sign_Ext>.
Parsing module <Main_Top>.

=========================================================================
*                            HDL Elaboration                            *
=========================================================================

Elaborating module <Main_Top>.

Elaborating module <Ctrl_Unit>.
WARNING:HDLCompiler:413 - "Ctrl_Unit.v" Line 36: Result of 32-bit expression is truncated to fit in 1-bit target.
WARNING:HDLCompiler:413 - "Ctrl_Unit.v" Line 41: Result of 32-bit expression is truncated to fit in 1-bit target.
WARNING:HDLCompiler:413 - "Ctrl_Unit.v" Line 45: Result of 32-bit expression is truncated to fit in 1-bit target.
WARNING:HDLCompiler:413 - "Ctrl_Unit.v" Line 50: Result of 32-bit expression is truncated to fit in 1-bit target.
WARNING:HDLCompiler:413 - "Ctrl_Unit.v" Line 55: Result of 32-bit expression is truncated to fit in 1-bit target.
WARNING:HDLCompiler:413 - "Ctrl_Unit.v" Line 62: Result of 32-bit expression is truncated to fit in 1-bit target.
WARNING:HDLCompiler:413 - "Ctrl_Unit.v" Line 66: Result of 32-bit expression is truncated to fit in 1-bit target.

Elaborating module <Prog_Cnt>.
WARNING:HDLCompiler:413 - "Prog_Cnt.v" Line 37: Result of 17-bit expression is truncated to fit in 16-bit target.

Elaborating module <Instr_ROM>.
Reading initialization file \"Instr_rom.txt\".
WARNING:HDLCompiler:1670 - "Instr_ROM.v" Line 43: Signal <rom_mem> in initial block is partially initialized.

Elaborating module <Instr_Split>.

Elaborating module <Sign_Ext(IMME_SIZE=26)>.

Elaborating module <Sign_Ext>.

Elaborating module <MUX_2_1>.
WARNING:HDLCompiler:189 - "F:\ComputerArchitecture-Lab\Simple-RISC\Main_Top.v" Line 71: Size mismatch in connection of port <i_a>. Formal port size is 32-bit while actual signal size is 5-bit.

Elaborating module <Reg_File>.
WARNING:HDLCompiler:1127 - "F:\ComputerArchitecture-Lab\Simple-RISC\Main_Top.v" Line 76: Assignment to o_reg_k ignored, since the identifier is never used
WARNING:HDLCompiler:189 - "F:\ComputerArchitecture-Lab\Simple-RISC\Main_Top.v" Line 79: Size mismatch in connection of port <i_a>. Formal port size is 32-bit while actual signal size is 1-bit.

Elaborating module <AL_Unit>.

Elaborating module <Data_RAM>.
Reading initialization file \"data_ram.txt\".
WARNING:HDLCompiler:1670 - "Data_RAM.v" Line 36: Signal <memory> in initial block is partially initialized.
WARNING:HDLCompiler:189 - "F:\ComputerArchitecture-Lab\Simple-RISC\Main_Top.v" Line 87: Size mismatch in connection of port <i_data>. Formal port size is 32-bit while actual signal size is 5-bit.
WARNING:HDLCompiler:634 - "F:\ComputerArchitecture-Lab\Simple-RISC\Main_Top.v" Line 79: Net <o_data_k> does not have a driver.
WARNING:Xst:2972 - "f:/computerarchitecture-lab/simple-risc/main_top.v" line 42. All outputs of instance <CU> of block <Ctrl_Unit> are unconnected in block <Main_Top>. Underlying logic will be removed.
WARNING:Xst:2972 - "f:/computerarchitecture-lab/simple-risc/main_top.v" line 49. All outputs of instance <PC> of block <Prog_Cnt> are unconnected in block <Main_Top>. Underlying logic will be removed.
WARNING:Xst:2972 - "f:/computerarchitecture-lab/simple-risc/main_top.v" line 53. All outputs of instance <IR> of block <Instr_ROM> are unconnected in block <Main_Top>. Underlying logic will be removed.
WARNING:Xst:2972 - "f:/computerarchitecture-lab/simple-risc/main_top.v" line 56. All outputs of instance <IS> of block <Instr_Split> are unconnected in block <Main_Top>. Underlying logic will be removed.
WARNING:Xst:2972 - "f:/computerarchitecture-lab/simple-risc/main_top.v" line 60. All outputs of instance <SE_0> of block <Sign_Ext> are unconnected in block <Main_Top>. Underlying logic will be removed.
WARNING:Xst:2972 - "f:/computerarchitecture-lab/simple-risc/main_top.v" line 63. All outputs of instance <SE_2> of block <Sign_Ext> are unconnected in block <Main_Top>. Underlying logic will be removed.
WARNING:Xst:2972 - "f:/computerarchitecture-lab/simple-risc/main_top.v" line 66. All outputs of instance <MUX_IMME> of block <MUX_2_1> are unconnected in block <Main_Top>. Underlying logic will be removed.
WARNING:Xst:2972 - "f:/computerarchitecture-lab/simple-risc/main_top.v" line 70. All outputs of instance <MUX_RK> of block <MUX_2_1> are unconnected in block <Main_Top>. Underlying logic will be removed.
WARNING:Xst:2972 - "f:/computerarchitecture-lab/simple-risc/main_top.v" line 73. All outputs of instance <RF> of block <Reg_File> are unconnected in block <Main_Top>. Underlying logic will be removed.
WARNING:Xst:2972 - "f:/computerarchitecture-lab/simple-risc/main_top.v" line 78. All outputs of instance <MUX_ALU_B> of block <MUX_2_1> are unconnected in block <Main_Top>. Underlying logic will be removed.
WARNING:Xst:2972 - "f:/computerarchitecture-lab/simple-risc/main_top.v" line 82. All outputs of instance <ALU> of block <AL_Unit> are unconnected in block <Main_Top>. Underlying logic will be removed.
WARNING:Xst:2972 - "f:/computerarchitecture-lab/simple-risc/main_top.v" line 86. All outputs of instance <DR> of block <Data_RAM> are unconnected in block <Main_Top>. Underlying logic will be removed.
WARNING:Xst:2972 - "f:/computerarchitecture-lab/simple-risc/main_top.v" line 90. All outputs of instance <MUX_RI> of block <MUX_2_1> are unconnected in block <Main_Top>. Underlying logic will be removed.

=========================================================================
*                           HDL Synthesis                               *
=========================================================================

Synthesizing Unit <Main_Top>.
    Related source file is "f:/computerarchitecture-lab/simple-risc/main_top.v".
INFO:Xst:3210 - "f:/computerarchitecture-lab/simple-risc/main_top.v" line 73: Output port <o_data_k> of the instance <RF> is unconnected or connected to loadless signal.
WARNING:Xst:653 - Signal <o_data_k> is used but never assigned. This sourceless signal will be automatically connected to value GND.
    Summary:
	no macro.
Unit <Main_Top> synthesized.

=========================================================================
HDL Synthesis Report

Found no macro
=========================================================================

=========================================================================
*                       Advanced HDL Synthesis                          *
=========================================================================


=========================================================================
Advanced HDL Synthesis Report

Found no macro
=========================================================================

=========================================================================
*                         Low Level Synthesis                           *
=========================================================================

Optimizing unit <Main_Top> ...

Mapping all equations...
Building and optimizing final netlist ...
Found area constraint ratio of 100 (+ 5) on block Main_Top, actual ratio is 0.

Final Macro Processing ...

=========================================================================
Final Register Report

Found no macro
=========================================================================

=========================================================================
*                           Partition Report                            *
=========================================================================

Partition Implementation Status
-------------------------------

  No Partitions were found in this design.

-------------------------------

=========================================================================
*                            Design Summary                             *
=========================================================================

Top Level Output File Name         : Main_Top.ngc

Primitive and Black Box Usage:
------------------------------

Device utilization summary:
---------------------------

Selected Device : 6slx16csg324-3 


Slice Logic Utilization: 

Slice Logic Distribution: 
 Number of LUT Flip Flop pairs used:      0
   Number with an unused Flip Flop:       0  out of      0         
   Number with an unused LUT:             0  out of      0         
   Number of fully used LUT-FF pairs:     0  out of      0         
   Number of unique control sets:         0

IO Utilization: 
 Number of IOs:                           1
 Number of bonded IOBs:                   0  out of    232     0%  

Specific Feature Utilization:

---------------------------
Partition Resource Summary:
---------------------------

  No Partitions were found in this design.

---------------------------


=========================================================================
Timing Report

NOTE: THESE TIMING NUMBERS ARE ONLY A SYNTHESIS ESTIMATE.
      FOR ACCURATE TIMING INFORMATION PLEASE REFER TO THE TRACE REPORT
      GENERATED AFTER PLACE-and-ROUTE.

Clock Information:
------------------
No clock signals found in this design

Asynchronous Control Signals Information:
----------------------------------------
No asynchronous control signals found in this design

Timing Summary:
---------------
Speed Grade: -3

   Minimum period: No path found
   Minimum input arrival time before clock: No path found
   Maximum output required time after clock: No path found
   Maximum combinational path delay: No path found

Timing Details:
---------------
All values displayed in nanoseconds (ns)

=========================================================================

Cross Clock Domains Report:
--------------------------

=========================================================================


Total REAL time to Xst completion: 7.00 secs
Total CPU time to Xst completion: 6.76 secs
 
--> 

Total memory usage is 245096 kilobytes

Number of errors   :    0 (   0 filtered)
Number of warnings :   29 (   0 filtered)
Number of infos    :    2 (   0 filtered)

